This is pdfTeX, Version 3.141592653-2.6-1.40.24 (MiKTeX 22.10) (preloaded format=pdflatex 2023.3.25)  25 MAR 2023 22:45
entering extended mode
 restricted \write18 enabled.
 %&-line parsing enabled.
**./Gimbalscope20Dissertation20PreTex.tex
(Gimbalscope20Dissertation20PreTex.tex
LaTeX2e <2022-06-01> patch level 5
L3 programming layer <2022-09-28> (D:\LATEX DISTRO\LATEX\tex/latex/base\article
.cls
Document Class: article 2021/10/04 v1.4n Standard LaTeX document class
(D:\LATEX DISTRO\LATEX\tex/latex/base\size10.clo
File: size10.clo 2021/10/04 v1.4n Standard LaTeX file (size option)
)
\c@part=\count185
\c@section=\count186
\c@subsection=\count187
\c@subsubsection=\count188
\c@paragraph=\count189
\c@subparagraph=\count190
\c@figure=\count191
\c@table=\count192
\abovecaptionskip=\skip47
\belowcaptionskip=\skip48
\bibindent=\dimen138
) (D:\LATEX DISTRO\LATEX\tex/latex/base\inputenc.sty
Package: inputenc 2021/02/14 v1.3d Input encoding file
\inpenc@prehook=\toks16
\inpenc@posthook=\toks17
(D:\LATEX DISTRO\LATEX\tex/latex/base\latin1.def
File: latin1.def 2021/02/14 v1.3d Input encoding file
)) (D:\LATEX DISTRO\LATEX\tex/latex/amsmath\amsmath.sty
Package: amsmath 2022/04/08 v2.17n AMS math features
\@mathmargin=\skip49
For additional information on amsmath, use the `?' option.
(D:\LATEX DISTRO\LATEX\tex/latex/amsmath\amstext.sty
Package: amstext 2021/08/26 v2.01 AMS text
(D:\LATEX DISTRO\LATEX\tex/latex/amsmath\amsgen.sty
File: amsgen.sty 1999/11/30 v2.0 generic functions
\@emptytoks=\toks18
\ex@=\dimen139
)) (D:\LATEX DISTRO\LATEX\tex/latex/amsmath\amsbsy.sty
Package: amsbsy 1999/11/29 v1.2d Bold Symbols
\pmbraise@=\dimen140
) (D:\LATEX DISTRO\LATEX\tex/latex/amsmath\amsopn.sty
Package: amsopn 2022/04/08 v2.04 operator names
)
\inf@bad=\count193
LaTeX Info: Redefining \frac on input line 234.
\uproot@=\count194
\leftroot@=\count195
LaTeX Info: Redefining \overline on input line 399.
LaTeX Info: Redefining \colon on input line 410.
\classnum@=\count196
\DOTSCASE@=\count197
LaTeX Info: Redefining \ldots on input line 496.
LaTeX Info: Redefining \dots on input line 499.
LaTeX Info: Redefining \cdots on input line 620.
\Mathstrutbox@=\box51
\strutbox@=\box52
LaTeX Info: Redefining \big on input line 722.
LaTeX Info: Redefining \Big on input line 723.
LaTeX Info: Redefining \bigg on input line 724.
LaTeX Info: Redefining \Bigg on input line 725.
\big@size=\dimen141
LaTeX Font Info:    Redeclaring font encoding OML on input line 743.
LaTeX Font Info:    Redeclaring font encoding OMS on input line 744.
\macc@depth=\count198
LaTeX Info: Redefining \bmod on input line 905.
LaTeX Info: Redefining \pmod on input line 910.
LaTeX Info: Redefining \smash on input line 940.
LaTeX Info: Redefining \relbar on input line 970.
LaTeX Info: Redefining \Relbar on input line 971.
\c@MaxMatrixCols=\count199
\dotsspace@=\muskip16
\c@parentequation=\count266
\dspbrk@lvl=\count267
\tag@help=\toks19
\row@=\count268
\column@=\count269
\maxfields@=\count270
\andhelp@=\toks20
\eqnshift@=\dimen142
\alignsep@=\dimen143
\tagshift@=\dimen144
\tagwidth@=\dimen145
\totwidth@=\dimen146
\lineht@=\dimen147
\@envbody=\toks21
\multlinegap=\skip50
\multlinetaggap=\skip51
\mathdisplay@stack=\toks22
LaTeX Info: Redefining \[ on input line 2953.
LaTeX Info: Redefining \] on input line 2954.
) (D:\LATEX DISTRO\LATEX\tex/latex/amsfonts\amssymb.sty
Package: amssymb 2013/01/14 v3.01 AMS font symbols
(D:\LATEX DISTRO\LATEX\tex/latex/amsfonts\amsfonts.sty
Package: amsfonts 2013/01/14 v3.01 Basic AMSFonts support
\symAMSa=\mathgroup4
\symAMSb=\mathgroup5
LaTeX Font Info:    Redeclaring math symbol \hbar on input line 98.
LaTeX Font Info:    Overwriting math alphabet `\mathfrak' in version `bold'
(Font)                  U/euf/m/n --> U/euf/b/n on input line 106.
)) (D:\LATEX DISTRO\LATEX\tex/latex/base\textcomp.sty
Package: textcomp 2020/02/02 v2.0n Standard LaTeX package
) (D:\LATEX DISTRO\LATEX\tex/latex/base\fontenc.sty
Package: fontenc 2021/04/29 v2.0v Standard LaTeX package
) (D:\LATEX DISTRO\LATEX\tex/generic/babel\babel.sty
Package: babel 2022/10/04 3.81 The Babel package
\babel@savecnt=\count271
\U@D=\dimen148
\l@unhyphenated=\language79
(D:\LATEX DISTRO\LATEX\tex/generic/babel\txtbabel.def)
\bbl@readstream=\read2
\bbl@dirlevel=\count272
*************************************
* Local config file bblopts.cfg used
*
(D:\LATEX DISTRO\LATEX\tex/latex/arabi\bblopts.cfg
File: bblopts.cfg 2005/09/08 v0.1 add Arabic and Farsi to "declared" options of
 babel
) (D:\LATEX DISTRO\LATEX\tex/latex/babel-english\english.ldf
Language: english 2017/06/06 v3.3r English support from the babel system
Package babel Info: Hyphen rules for 'canadian' set to \l@english
(babel)             (\language0). Reported on input line 102.
Package babel Info: Hyphen rules for 'australian' set to \l@ukenglish
(babel)             (\language73). Reported on input line 105.
Package babel Info: Hyphen rules for 'newzealand' set to \l@ukenglish
(babel)             (\language73). Reported on input line 108.
)) (D:\LATEX DISTRO\LATEX\tex/generic/babel/locale/en\babel-english.tex
Package babel Info: Importing font and identification data for english
(babel)             from babel-en.ini. Reported on input line 11.
) (D:\LATEX DISTRO\LATEX\tex/latex/graphics\color.sty
Package: color 2022/01/06 v1.3d Standard LaTeX Color (DPC)
(D:\LATEX DISTRO\LATEX\tex/latex/graphics-cfg\color.cfg
File: color.cfg 2016/01/02 v1.6 sample color configuration
)
Package color Info: Driver file: pdftex.def on input line 149.
(D:\LATEX DISTRO\LATEX\tex/latex/graphics-def\pdftex.def
File: pdftex.def 2022/09/22 v1.2b Graphics/color driver for pdftex
\stockwidth=\dimen149
\stockheight=\dimen150
) (D:\LATEX DISTRO\LATEX\tex/latex/graphics\mathcolor.ltx)) (D:\LATEX DISTRO\LA
TEX\tex/latex/tools\array.sty
Package: array 2022/03/10 v2.5f Tabular extension package (FMi)
\col@sep=\dimen151
\ar@mcellbox=\box53
\extrarowheight=\dimen152
\NC@list=\toks23
\extratabsurround=\skip52
\backup@length=\skip53
\ar@cellbox=\box54
) (D:\LATEX DISTRO\LATEX\tex/latex/supertabular\supertabular.sty
Package: supertabular 2020/02/02 v4.1g the supertabular environment
\c@tracingst=\count273
\ST@wd=\dimen153
\ST@rightskip=\skip54
\ST@leftskip=\skip55
\ST@parfillskip=\skip56
\ST@pageleft=\dimen154
\ST@headht=\dimen155
\ST@tailht=\dimen156
\ST@pagesofar=\dimen157
\ST@pboxht=\dimen158
\ST@lineht=\dimen159
\ST@prevht=\dimen160
\ST@toadd=\dimen161
\ST@dimen=\dimen162
\ST@pbox=\box55
) (D:\LATEX DISTRO\LATEX\tex/latex/tools\hhline.sty
Package: hhline 2020/01/04 v2.04 Table rule package (DPC)
) (D:\LATEX DISTRO\LATEX\tex/latex/hyperref\hyperref.sty
Package: hyperref 2022-09-22 v7.00t Hypertext links for LaTeX
(D:\LATEX DISTRO\LATEX\tex/generic/ltxcmds\ltxcmds.sty
Package: ltxcmds 2020-05-10 v1.25 LaTeX kernel commands for general use (HO)
) (D:\LATEX DISTRO\LATEX\tex/generic/iftex\iftex.sty
Package: iftex 2022/02/03 v1.0f TeX engine tests
) (D:\LATEX DISTRO\LATEX\tex/generic/pdftexcmds\pdftexcmds.sty
Package: pdftexcmds 2020-06-27 v0.33 Utility functions of pdfTeX for LuaTeX (HO
)
(D:\LATEX DISTRO\LATEX\tex/generic/infwarerr\infwarerr.sty
Package: infwarerr 2019/12/03 v1.5 Providing info/warning/error messages (HO)
)
Package pdftexcmds Info: \pdf@primitive is available.
Package pdftexcmds Info: \pdf@ifprimitive is available.
Package pdftexcmds Info: \pdfdraftmode found.
) (D:\LATEX DISTRO\LATEX\tex/latex/graphics\keyval.sty
Package: keyval 2022/05/29 v1.15 key=value parser (DPC)
\KV@toks@=\toks24
) (D:\LATEX DISTRO\LATEX\tex/latex/kvsetkeys\kvsetkeys.sty
Package: kvsetkeys 2022-10-05 v1.19 Key value parser (HO)
) (D:\LATEX DISTRO\LATEX\tex/generic/kvdefinekeys\kvdefinekeys.sty
Package: kvdefinekeys 2019-12-19 v1.6 Define keys (HO)
) (D:\LATEX DISTRO\LATEX\tex/generic/pdfescape\pdfescape.sty
Package: pdfescape 2019/12/09 v1.15 Implements pdfTeX's escape features (HO)
) (D:\LATEX DISTRO\LATEX\tex/latex/hycolor\hycolor.sty
Package: hycolor 2020-01-27 v1.10 Color options for hyperref/bookmark (HO)
) (D:\LATEX DISTRO\LATEX\tex/latex/letltxmacro\letltxmacro.sty
Package: letltxmacro 2019/12/03 v1.6 Let assignment for LaTeX macros (HO)
) (D:\LATEX DISTRO\LATEX\tex/latex/auxhook\auxhook.sty
Package: auxhook 2019-12-17 v1.6 Hooks for auxiliary files (HO)
) (D:\LATEX DISTRO\LATEX\tex/latex/hyperref\nameref.sty
Package: nameref 2022-05-17 v2.50 Cross-referencing by name of section
(D:\LATEX DISTRO\LATEX\tex/latex/refcount\refcount.sty
Package: refcount 2019/12/15 v3.6 Data extraction from label references (HO)
) (D:\LATEX DISTRO\LATEX\tex/generic/gettitlestring\gettitlestring.sty
Package: gettitlestring 2019/12/15 v1.6 Cleanup title references (HO)
(D:\LATEX DISTRO\LATEX\tex/latex/kvoptions\kvoptions.sty
Package: kvoptions 2022-06-15 v3.15 Key value format for package options (HO)
))
\c@section@level=\count274
)
\@linkdim=\dimen163
\Hy@linkcounter=\count275
\Hy@pagecounter=\count276
(D:\LATEX DISTRO\LATEX\tex/latex/hyperref\pd1enc.def
File: pd1enc.def 2022-09-22 v7.00t Hyperref: PDFDocEncoding definition (HO)
Now handling font encoding PD1 ...
... no UTF-8 mapping file for font encoding PD1
) (D:\LATEX DISTRO\LATEX\tex/generic/intcalc\intcalc.sty
Package: intcalc 2019/12/15 v1.3 Expandable calculations with integers (HO)
) (D:\LATEX DISTRO\LATEX\tex/generic/etexcmds\etexcmds.sty
Package: etexcmds 2019/12/15 v1.7 Avoid name clashes with e-TeX commands (HO)
)
\Hy@SavedSpaceFactor=\count277
(D:\LATEX DISTRO\LATEX\tex/latex/hyperref\puenc.def
File: puenc.def 2022-09-22 v7.00t Hyperref: PDF Unicode definition (HO)
Now handling font encoding PU ...
... no UTF-8 mapping file for font encoding PU
)
Package hyperref Info: Hyper figures OFF on input line 4162.
Package hyperref Info: Link nesting OFF on input line 4167.
Package hyperref Info: Hyper index ON on input line 4170.
Package hyperref Info: Plain pages OFF on input line 4177.
Package hyperref Info: Backreferencing OFF on input line 4182.
Package hyperref Info: Implicit mode ON; LaTeX internals redefined.
Package hyperref Info: Bookmarks ON on input line 4410.
\c@Hy@tempcnt=\count278
(D:\LATEX DISTRO\LATEX\tex/latex/url\url.sty
\Urlmuskip=\muskip17
Package: url 2013/09/16  ver 3.4  Verb mode for urls, etc.
)
LaTeX Info: Redefining \url on input line 4748.
\XeTeXLinkMargin=\dimen164
(D:\LATEX DISTRO\LATEX\tex/generic/bitset\bitset.sty
Package: bitset 2019/12/09 v1.3 Handle bit-vector datatype (HO)
(D:\LATEX DISTRO\LATEX\tex/generic/bigintcalc\bigintcalc.sty
Package: bigintcalc 2019/12/15 v1.5 Expandable calculations on big integers (HO
)
))
\Fld@menulength=\count279
\Field@Width=\dimen165
\Fld@charsize=\dimen166
Package hyperref Info: Hyper figures OFF on input line 6027.
Package hyperref Info: Link nesting OFF on input line 6032.
Package hyperref Info: Hyper index ON on input line 6035.
Package hyperref Info: backreferencing OFF on input line 6042.
Package hyperref Info: Link coloring OFF on input line 6047.
Package hyperref Info: Link coloring with OCG OFF on input line 6052.
Package hyperref Info: PDF/A mode OFF on input line 6057.
(D:\LATEX DISTRO\LATEX\tex/latex/base\atbegshi-ltx.sty
Package: atbegshi-ltx 2021/01/10 v1.0c Emulation of the original atbegshi
package with kernel methods
)
\Hy@abspage=\count280
\c@Item=\count281
\c@Hfootnote=\count282
)
Package hyperref Info: Driver (autodetected): hpdftex.
(D:\LATEX DISTRO\LATEX\tex/latex/hyperref\hpdftex.def
File: hpdftex.def 2022-09-22 v7.00t Hyperref driver for pdfTeX
(D:\LATEX DISTRO\LATEX\tex/latex/base\atveryend-ltx.sty
Package: atveryend-ltx 2020/08/19 v1.0a Emulation of the original atveryend pac
kage
with kernel methods
)
\Fld@listcount=\count283
\c@bookmark@seq@number=\count284
(D:\LATEX DISTRO\LATEX\tex/latex/rerunfilecheck\rerunfilecheck.sty
Package: rerunfilecheck 2022-07-10 v1.10 Rerun checks for auxiliary files (HO)
(D:\LATEX DISTRO\LATEX\tex/generic/uniquecounter\uniquecounter.sty
Package: uniquecounter 2019/12/15 v1.4 Provide unlimited unique counter (HO)
)
Package uniquecounter Info: New unique counter `rerunfilecheck' on input line 2
85.
)
\Hy@SectionHShift=\skip57
)

Package hyperref Warning: Option `pdftex' has already been used,
(hyperref)                setting the option has no effect on input line 14.

Package hyperref Info: Option `colorlinks' set `true' on input line 14.
(D:\LATEX DISTRO\LATEX\tex/latex/graphics\graphicx.sty
Package: graphicx 2021/09/16 v1.2d Enhanced LaTeX Graphics (DPC,SPQR)
(D:\LATEX DISTRO\LATEX\tex/latex/graphics\graphics.sty
Package: graphics 2022/03/10 v1.4e Standard LaTeX Graphics (DPC,SPQR)
(D:\LATEX DISTRO\LATEX\tex/latex/graphics\trig.sty
Package: trig 2021/08/11 v1.11 sin cos tan (DPC)
) (D:\LATEX DISTRO\LATEX\tex/latex/graphics-cfg\graphics.cfg
File: graphics.cfg 2016/06/04 v1.11 sample graphics configuration
)
Package graphics Info: Driver file: pdftex.def on input line 107.
)
\Gin@req@height=\dimen167
\Gin@req@width=\dimen168
)
\c@saveenum=\count285
\c@Algorithm=\count286
\c@Listing=\count287
(D:\LATEX DISTRO\LATEX\tex/latex/l3backend\l3backend-pdftex.def
File: l3backend-pdftex.def 2022-09-28 L3 backend support: PDF output (pdfTeX)
\l__color_backend_stack_int=\count288
\l__pdf_internal_box=\box56
)
No file Gimbalscope20Dissertation20PreTex.aux.
\openout1 = `Gimbalscope20Dissertation20PreTex.aux'.

LaTeX Font Info:    Checking defaults for OML/cmm/m/it on input line 115.
LaTeX Font Info:    ... okay on input line 115.
LaTeX Font Info:    Checking defaults for OMS/cmsy/m/n on input line 115.
LaTeX Font Info:    ... okay on input line 115.
LaTeX Font Info:    Checking defaults for OT1/cmr/m/n on input line 115.
LaTeX Font Info:    ... okay on input line 115.
LaTeX Font Info:    Checking defaults for T1/cmr/m/n on input line 115.
LaTeX Font Info:    ... okay on input line 115.
LaTeX Font Info:    Checking defaults for TS1/cmr/m/n on input line 115.
LaTeX Font Info:    ... okay on input line 115.
LaTeX Font Info:    Checking defaults for OMX/cmex/m/n on input line 115.
LaTeX Font Info:    ... okay on input line 115.
LaTeX Font Info:    Checking defaults for U/cmr/m/n on input line 115.
LaTeX Font Info:    ... okay on input line 115.
LaTeX Font Info:    Checking defaults for PD1/pdf/m/n on input line 115.
LaTeX Font Info:    ... okay on input line 115.
LaTeX Font Info:    Checking defaults for PU/pdf/m/n on input line 115.
LaTeX Font Info:    ... okay on input line 115.
(D:\LATEX DISTRO\LATEX\tex/context/base/mkii\supp-pdf.mkii
[Loading MPS to PDF converter (version 2006.09.02).]
\scratchcounter=\count289
\scratchdimen=\dimen169
\scratchbox=\box57
\nofMPsegments=\count290
\nofMParguments=\count291
\everyMPshowfont=\toks25
\MPscratchCnt=\count292
\MPscratchDim=\dimen170
\MPnumerator=\count293
\makeMPintoPDFobject=\count294
\everyMPtoPDFconversion=\toks26
) (D:\LATEX DISTRO\LATEX\tex/latex/epstopdf-pkg\epstopdf-base.sty
Package: epstopdf-base 2020-01-24 v2.11 Base part for package epstopdf
(D:\LATEX DISTRO\LATEX\tex/latex/grfext\grfext.sty
Package: grfext 2019/12/03 v1.3 Manage graphics extensions (HO)
)
Package epstopdf-base Info: Redefining graphics rule for `.eps' on input line 4
85.
Package grfext Info: Graphics extension search list:
(grfext)             [.pdf,.png,.jpg,.mps,.jpeg,.jbig2,.jb2,.PDF,.PNG,.JPG,.JPE
G,.JBIG2,.JB2,.eps]
(grfext)             \AppendGraphicsExtensions on input line 504.
(D:\LATEX DISTRO\LATEX\tex/latex/00miktex\epstopdf-sys.cfg
File: epstopdf-sys.cfg 2021/03/18 v2.0 Configuration of epstopdf for MiKTeX
))
Package hyperref Info: Link coloring ON on input line 115.
(Gimbalscope20Dissertation20PreTex.out) (Gimbalscope20Dissertation20PreTex.out)
\@outlinefile=\write3
\openout3 = `Gimbalscope20Dissertation20PreTex.out'.

<Gimbalscope20Dissertation20PreTex-img001.png, id=111, 131.4pt x 38.106pt>
File: Gimbalscope20Dissertation20PreTex-img001.png Graphic file (type png)
<use Gimbalscope20Dissertation20PreTex-img001.png>
Package pdftex.def Info: Gimbalscope20Dissertation20PreTex-img001.png  used on 
input line 127.
(pdftex.def)             Requested size: 131.60217pt x 38.1838pt.

Underfull \hbox (badness 10000) has occurred while \output is active
\T1/cmr/m/n/10 [Warning: Draw object ignored]
 []

! Undefined control sequence.
\@oddfoot ->\textstylepagenumber 
                                 {\thepage {}}
l.214 \clearpage
                
The control sequence at the end of the top line
of your error message was never \def'ed. If you have
misspelled it (e.g., `\hobx'), type `I' and the correct
spelling (e.g., `I\hbox'). Otherwise just continue,
and I'll forget about whatever was undefined.


Underfull \hbox (badness 10000) has occurred while \output is active
\T1/cmr/m/n/10 1
 []

[1{C:/Users/nadro/AppData/Local/MiKTeX/fonts/map/pdftex/pdftex.map}


 <./Gimbalscope20Dissertation20PreTex-img001.png>]
Underfull \hbox (badness 10000) has occurred while \output is active
\T1/cmr/m/n/10 [Warning: Draw object ignored]
 []

! Undefined control sequence.
\@oddfoot ->\textstylepagenumber 
                                 {\thepage {}}
l.272 \clearpage
                \section{Dedication and Acknowledgements}
The control sequence at the end of the top line
of your error message was never \def'ed. If you have
misspelled it (e.g., `\hobx'), type `I' and the correct
spelling (e.g., `I\hbox'). Otherwise just continue,
and I'll forget about whatever was undefined.


Underfull \hbox (badness 10000) has occurred while \output is active
\T1/cmr/m/n/10 2
 []

[2

]
Underfull \hbox (badness 10000) has occurred while \output is active
\T1/cmr/m/n/10 [Warning: Draw object ignored]
 []

! Undefined control sequence.
\@oddfoot ->\textstylepagenumber 
                                 {\thepage {}}
l.303 \clearpage
                
The control sequence at the end of the top line
of your error message was never \def'ed. If you have
misspelled it (e.g., `\hobx'), type `I' and the correct
spelling (e.g., `I\hbox'). Otherwise just continue,
and I'll forget about whatever was undefined.


Underfull \hbox (badness 10000) has occurred while \output is active
\T1/cmr/m/n/10 3
 []

[3

]
LaTeX Font Info:    Trying to load font information for U+msa on input line 329
.
(D:\LATEX DISTRO\LATEX\tex/latex/amsfonts\umsa.fd
File: umsa.fd 2013/01/14 v3.01 AMS symbols A
)
LaTeX Font Info:    Trying to load font information for U+msb on input line 329
.
(D:\LATEX DISTRO\LATEX\tex/latex/amsfonts\umsb.fd
File: umsb.fd 2013/01/14 v3.01 AMS symbols B
)
Underfull \hbox (badness 10000) has occurred while \output is active
\T1/cmr/m/n/10 [Warning: Draw object ignored]
 []

! Undefined control sequence.
\@oddfoot ->\textstylepagenumber 
                                 {\thepage {}}
l.334 \clearpage
                \section{Contents}
The control sequence at the end of the top line
of your error message was never \def'ed. If you have
misspelled it (e.g., `\hobx'), type `I' and the correct
spelling (e.g., `I\hbox'). Otherwise just continue,
and I'll forget about whatever was undefined.


Underfull \hbox (badness 10000) has occurred while \output is active
\T1/cmr/m/n/10 4
 []

[4

] (Gimbalscope20Dissertation20PreTex.toc)
\tf@toc=\write4
\openout4 = `Gimbalscope20Dissertation20PreTex.toc'.


Underfull \hbox (badness 10000) has occurred while \output is active
\T1/cmr/m/n/10 [Warning: Draw object ignored]
 []

! Undefined control sequence.
\@oddfoot ->\textstylepagenumber 
                                 {\thepage {}}
l.359 \clearpage
                \section{List of Figures}
The control sequence at the end of the top line
of your error message was never \def'ed. If you have
misspelled it (e.g., `\hobx'), type `I' and the correct
spelling (e.g., `I\hbox'). Otherwise just continue,
and I'll forget about whatever was undefined.


Underfull \hbox (badness 10000) has occurred while \output is active
\T1/cmr/m/n/10 5
 []

[5

]
Underfull \hbox (badness 10000) has occurred while \output is active
\T1/cmr/m/n/10 [Warning: Draw object ignored]
 []

! Undefined control sequence.
\@oddfoot ->\textstylepagenumber 
                                 {\thepage {}}
l.359 \clearpage
                \section{List of Figures}
The control sequence at the end of the top line
of your error message was never \def'ed. If you have
misspelled it (e.g., `\hobx'), type `I' and the correct
spelling (e.g., `I\hbox'). Otherwise just continue,
and I'll forget about whatever was undefined.


Underfull \hbox (badness 10000) has occurred while \output is active
\T1/cmr/m/n/10 6
 []

[6] (Gimbalscope20Dissertation20PreTex.lof)
\tf@lof=\write5
\openout5 = `Gimbalscope20Dissertation20PreTex.lof'.


Underfull \hbox (badness 10000) has occurred while \output is active
\T1/cmr/m/n/10 [Warning: Draw object ignored]
 []

! Undefined control sequence.
\@oddfoot ->\textstylepagenumber 
                                 {\thepage {}}
l.373 \clearpage
                \section{}
The control sequence at the end of the top line
of your error message was never \def'ed. If you have
misspelled it (e.g., `\hobx'), type `I' and the correct
spelling (e.g., `I\hbox'). Otherwise just continue,
and I'll forget about whatever was undefined.


Underfull \hbox (badness 10000) has occurred while \output is active
\T1/cmr/m/n/10 7
 []

[7

] (Gimbalscope20Dissertation20PreTex.lof)
\tf@lof=\write6
\openout6 = `Gimbalscope20Dissertation20PreTex.lof'.


Underfull \hbox (badness 10000) has occurred while \output is active
\T1/cmr/m/n/10 [Warning: Draw object ignored]
 []

! Undefined control sequence.
\@oddfoot ->\textstylepagenumber 
                                 {\thepage {}}
l.391 \clearpage
                \section{}
The control sequence at the end of the top line
of your error message was never \def'ed. If you have
misspelled it (e.g., `\hobx'), type `I' and the correct
spelling (e.g., `I\hbox'). Otherwise just continue,
and I'll forget about whatever was undefined.


Underfull \hbox (badness 10000) has occurred while \output is active
\T1/cmr/m/n/10 8
 []

[8

]
Underfull \hbox (badness 10000) has occurred while \output is active
\T1/cmr/m/n/10 [Warning: Draw object ignored]
 []

! Undefined control sequence.
\@oddfoot ->\textstylepagenumber 
                                 {\thepage {}}
l.402 \clearpage
                \section{Supporting Technologies}
The control sequence at the end of the top line
of your error message was never \def'ed. If you have
misspelled it (e.g., `\hobx'), type `I' and the correct
spelling (e.g., `I\hbox'). Otherwise just continue,
and I'll forget about whatever was undefined.


Underfull \hbox (badness 10000) has occurred while \output is active
\T1/cmr/m/n/10 9
 []

[9

]
Underfull \hbox (badness 10000) has occurred while \output is active
\T1/cmr/m/n/10 [Warning: Draw object ignored]
 []

! Undefined control sequence.
\@oddfoot ->\textstylepagenumber 
                                 {\thepage {}}
l.439 \clearpage
                \section{Notions and Acronyms}
The control sequence at the end of the top line
of your error message was never \def'ed. If you have
misspelled it (e.g., `\hobx'), type `I' and the correct
spelling (e.g., `I\hbox'). Otherwise just continue,
and I'll forget about whatever was undefined.


Underfull \hbox (badness 10000) has occurred while \output is active
\T1/cmr/m/n/10 10
 []

[10

]

LaTeX Warning: Citation `CITATIONTOr07l2057' on page 11 undefined on input line
 577.


LaTeX Warning: Citation `CITATIONTSm20l2057' on page 11 undefined on input line
 577.


LaTeX Warning: Citation `CITATIONAJS17l2057' on page 11 undefined on input line
 579.


LaTeX Warning: Citation `CITATIONCSw03l2057' on page 11 undefined on input line
 579.


LaTeX Warning: Citation `CITATIONAZe19l2057' on page 11 undefined on input line
 579.


LaTeX Warning: Citation `CITATIONHas19l2057' on page 11 undefined on input line
 581.


Underfull \hbox (badness 10000) has occurred while \output is active
\T1/cmr/m/n/10 [Warning: Draw object ignored]
 []

! Undefined control sequence.
\@oddfoot ->\textstylepagenumber 
                                 {\thepage {}}
l.583 
      
The control sequence at the end of the top line
of your error message was never \def'ed. If you have
misspelled it (e.g., `\hobx'), type `I' and the correct
spelling (e.g., `I\hbox'). Otherwise just continue,
and I'll forget about whatever was undefined.


Underfull \hbox (badness 10000) has occurred while \output is active
\T1/cmr/m/n/10 11
 []

[11

]

LaTeX Warning: Citation `CITATIONPCu14l2057' on page 12 undefined on input line
 586.


Underfull \hbox (badness 10000) has occurred while \output is active
\T1/cmr/m/n/10 [Warning: Draw object ignored]
 []

! Undefined control sequence.
\@oddfoot ->\textstylepagenumber 
                                 {\thepage {}}
l.686 
      
The control sequence at the end of the top line
of your error message was never \def'ed. If you have
misspelled it (e.g., `\hobx'), type `I' and the correct
spelling (e.g., `I\hbox'). Otherwise just continue,
and I'll forget about whatever was undefined.


Underfull \hbox (badness 10000) has occurred while \output is active
\T1/cmr/m/n/10 12
 []

[12]

LaTeX Warning: Citation `CITATIONABi05l2057' on page 13 undefined on input line
 693.


LaTeX Warning: Citation `CITATIONGBa191l2057' on page 13 undefined on input lin
e 698.


LaTeX Warning: Citation `CITATIONSAv16l2057' on page 13 undefined on input line
 700.


LaTeX Warning: Citation `CITATIONIVi21l2057' on page 13 undefined on input line
 700.


LaTeX Warning: Citation `CITATIONVHa04l2057' on page 13 undefined on input line
 702.


LaTeX Warning: Citation `CITATIONHZT94l2057' on page 13 undefined on input line
 707.


LaTeX Warning: Citation `CITATIONGBa191l2057' on page 13 undefined on input lin
e 709.


LaTeX Warning: Citation `CITATIONJBi17l2057' on page 13 undefined on input line
 709.


LaTeX Warning: Citation `CITATIONHGu13l2057' on page 13 undefined on input line
 715.


LaTeX Warning: Citation `CITATIONTAm08l2057' on page 13 undefined on input line
 716.


LaTeX Warning: Citation `CITATIONVHa96l2057' on page 13 undefined on input line
 716.


LaTeX Warning: Citation `CITATIONHas19l2057' on page 13 undefined on input line
 720.


Underfull \hbox (badness 10000) has occurred while \output is active
\T1/cmr/m/n/10 [Warning: Draw object ignored]
 []

! Undefined control sequence.
\@oddfoot ->\textstylepagenumber 
                                 {\thepage {}}
l.732 \section
              [Existing Handheld Gyroscopic Feedback Devices]{\textbf{Existi...
The control sequence at the end of the top line
of your error message was never \def'ed. If you have
misspelled it (e.g., `\hobx'), type `I' and the correct
spelling (e.g., `I\hbox'). Otherwise just continue,
and I'll forget about whatever was undefined.


Underfull \hbox (badness 10000) has occurred while \output is active
\T1/cmr/m/n/10 13
 []

[13]

LaTeX Warning: Citation `CITATIONYTa01l2057' on page 14 undefined on input line
 744.


LaTeX Warning: Citation `CITATIONMMu15l2057' on page 14 undefined on input line
 753.


LaTeX Warning: Citation `CITATIONHYa03l2057' on page 14 undefined on input line
 755.


LaTeX Warning: Citation `CITATIONKNW09l2057' on page 14 undefined on input line
 757.


LaTeX Warning: Citation `CITATIONKNW10l2057' on page 14 undefined on input line
 757.


LaTeX Warning: Citation `CITATIONJMW16l2057' on page 14 undefined on input line
 758.


LaTeX Warning: Citation `CITATIONJMW18l2057' on page 14 undefined on input line
 758.


Underfull \hbox (badness 10000) has occurred while \output is active
\T1/cmr/m/n/10 [Warning: Draw object ignored]
 []

! Undefined control sequence.
\@oddfoot ->\textstylepagenumber 
                                 {\thepage {}}
l.804 
      
The control sequence at the end of the top line
of your error message was never \def'ed. If you have
misspelled it (e.g., `\hobx'), type `I' and the correct
spelling (e.g., `I\hbox'). Otherwise just continue,
and I'll forget about whatever was undefined.


Underfull \hbox (badness 10000) has occurred while \output is active
\T1/cmr/m/n/10 14
 []

[14]
Underfull \hbox (badness 10000) has occurred while \output is active
\T1/cmr/m/n/10 [Warning: Draw object ignored]
 []

! Undefined control sequence.
\@oddfoot ->\textstylepagenumber 
                                 {\thepage {}}
l.854 
      
The control sequence at the end of the top line
of your error message was never \def'ed. If you have
misspelled it (e.g., `\hobx'), type `I' and the correct
spelling (e.g., `I\hbox'). Otherwise just continue,
and I'll forget about whatever was undefined.


Underfull \hbox (badness 10000) has occurred while \output is active
\T1/cmr/m/n/10 15
 []

[15]

pdfTeX warning: pdflatex (file ./Gimbalscope20Dissertation20PreTex-img002.pdf):
 PDF inclusion: found PDF version <1.6>, but at most version <1.5> allowed
<Gimbalscope20Dissertation20PreTex-img002.pdf, id=231, 433.56308pt x 252.8881pt
>
File: Gimbalscope20Dissertation20PreTex-img002.pdf Graphic file (type pdf)
<use Gimbalscope20Dissertation20PreTex-img002.pdf>
Package pdftex.def Info: Gimbalscope20Dissertation20PreTex-img002.pdf  used on 
input line 855.
(pdftex.def)             Requested size: 433.64803pt x 252.95692pt.

Underfull \hbox (badness 10000) has occurred while \output is active
\T1/cmr/m/n/10 [Warning: Draw object ignored]
 []

! Undefined control sequence.
\@oddfoot ->\textstylepagenumber 
                                 {\thepage {}}
l.923 
      
The control sequence at the end of the top line
of your error message was never \def'ed. If you have
misspelled it (e.g., `\hobx'), type `I' and the correct
spelling (e.g., `I\hbox'). Otherwise just continue,
and I'll forget about whatever was undefined.


Underfull \hbox (badness 10000) has occurred while \output is active
\T1/cmr/m/n/10 16
 []

[16 <./Gimbalscope20Dissertation20PreTex-img002.pdf>]
Underfull \hbox (badness 10000) has occurred while \output is active
\T1/cmr/m/n/10 [Warning: Draw object ignored]
 []

! Undefined control sequence.
\@oddfoot ->\textstylepagenumber 
                                 {\thepage {}}
l.965 
      
The control sequence at the end of the top line
of your error message was never \def'ed. If you have
misspelled it (e.g., `\hobx'), type `I' and the correct
spelling (e.g., `I\hbox'). Otherwise just continue,
and I'll forget about whatever was undefined.


Underfull \hbox (badness 10000) has occurred while \output is active
\T1/cmr/m/n/10 17
 []

[17]
Overfull \hbox (0.28741pt too wide) in paragraph at lines 972--1007
[]  
 []


Underfull \hbox (badness 10000) has occurred while \output is active
\T1/cmr/m/n/10 [Warning: Draw object ignored]
 []

! Undefined control sequence.
\@oddfoot ->\textstylepagenumber 
                                 {\thepage {}}
l.1011 \clearpage
                 \section{Chapter 4: Critical Evaluation}
The control sequence at the end of the top line
of your error message was never \def'ed. If you have
misspelled it (e.g., `\hobx'), type `I' and the correct
spelling (e.g., `I\hbox'). Otherwise just continue,
and I'll forget about whatever was undefined.


Underfull \hbox (badness 10000) has occurred while \output is active
\T1/cmr/m/n/10 18
 []

[18]
Underfull \hbox (badness 10000) has occurred while \output is active
\T1/cmr/m/n/10 [Warning: Draw object ignored]
 []

! Undefined control sequence.
\@oddfoot ->\textstylepagenumber 
                                 {\thepage {}}
l.1050 \clearpage
                 \section{Chapter 5: Conclusion}
The control sequence at the end of the top line
of your error message was never \def'ed. If you have
misspelled it (e.g., `\hobx'), type `I' and the correct
spelling (e.g., `I\hbox'). Otherwise just continue,
and I'll forget about whatever was undefined.


Underfull \hbox (badness 10000) has occurred while \output is active
\T1/cmr/m/n/10 19
 []

[19

]
Underfull \hbox (badness 10000) has occurred while \output is active
\T1/cmr/m/n/10 [Warning: Draw object ignored]
 []

! Undefined control sequence.
\@oddfoot ->\textstylepagenumber 
                                 {\thepage {}}
l.1085 \clearpage
                 
The control sequence at the end of the top line
of your error message was never \def'ed. If you have
misspelled it (e.g., `\hobx'), type `I' and the correct
spelling (e.g., `I\hbox'). Otherwise just continue,
and I'll forget about whatever was undefined.


Underfull \hbox (badness 10000) has occurred while \output is active
\T1/cmr/m/n/10 20
 []

[20

]
No file Gimbalscope20Dissertation20PreTex.bbl.

Underfull \hbox (badness 10000) has occurred while \output is active
\T1/cmr/m/n/10 [Warning: Draw object ignored]
 []

! Undefined control sequence.
\@oddfoot ->\textstylepagenumber 
                                 {\thepage {}}
l.1094 \clearpage
                 
The control sequence at the end of the top line
of your error message was never \def'ed. If you have
misspelled it (e.g., `\hobx'), type `I' and the correct
spelling (e.g., `I\hbox'). Otherwise just continue,
and I'll forget about whatever was undefined.


Underfull \hbox (badness 10000) has occurred while \output is active
\T1/cmr/m/n/10 21
 []

[21

]
Underfull \hbox (badness 10000) has occurred while \output is active
\T1/cmr/m/n/10 [Warning: Draw object ignored]
 []

! Undefined control sequence.
\@oddfoot ->\textstylepagenumber 
                                 {\thepage {}}
l.1134 \end{document}
                     
The control sequence at the end of the top line
of your error message was never \def'ed. If you have
misspelled it (e.g., `\hobx'), type `I' and the correct
spelling (e.g., `I\hbox'). Otherwise just continue,
and I'll forget about whatever was undefined.


Underfull \hbox (badness 10000) has occurred while \output is active
\T1/cmr/m/n/10 22
 []

[22

] (Gimbalscope20Dissertation20PreTex.aux)

LaTeX Warning: There were undefined references.

Package rerunfilecheck Info: File `Gimbalscope20Dissertation20PreTex.out' has n
ot changed.
(rerunfilecheck)             Checksum: CC52D1CAF6E265D4D468478730FC7609;3917.
 ) 
Here is how much of TeX's memory you used:
 11091 strings out of 475385
 173914 string characters out of 2787660
 533691 words of memory out of 3000000
 32220 multiletter control sequences out of 15000+600000
 477815 words of font info for 45 fonts, out of 8000000 for 9000
 1141 hyphenation exceptions out of 8191
 72i,13n,77p,423b,453s stack positions out of 10000i,1000n,20000p,200000b,80000s
 <C:\Users\nadro\AppData\Local\MiKTeX\fonts/pk/ljfour/jknappen/ec/dpi600\ecbx
1200.pk> <C:\Users\nadro\AppData\Local\MiKTeX\fonts/pk/ljfour/jknappen/ec/dpi60
0\ecti1000.pk> <C:\Users\nadro\AppData\Local\MiKTeX\fonts/pk/ljfour/jknappen/ec
/dpi600\ecbx0700.pk> <C:\Users\nadro\AppData\Local\MiKTeX\fonts/pk/ljfour/jknap
pen/ec/dpi600\ecrm0700.pk> <C:\Users\nadro\AppData\Local\MiKTeX\fonts/pk/ljfour
/jknappen/ec/dpi600\ecbx1440.pk> <C:\Users\nadro\AppData\Local\MiKTeX\fonts/pk/
ljfour/jknappen/ec/dpi600\ecbx1000.pk> <C:\Users\nadro\AppData\Local\MiKTeX\fon
ts/pk/ljfour/jknappen/ec/dpi600\ecrm1000.pk><D:/LATEX DISTRO/LATEX/fonts/type1/
public/amsfonts/cm/cmsy10.pfb>
Output written on Gimbalscope20Dissertation20PreTex.pdf (22 pages, 195834 bytes
).
PDF statistics:
 578 PDF objects out of 1000 (max. 8388607)
 82 named destinations out of 1000 (max. 500000)
 227 words of extra memory for PDF output out of 10000 (max. 10000000)

