Using pre-set license
Built from '2020.2/release' branch; Version is '2020.2.2f1 (068178b99f32) revision 426360'; Using compiler version '192528614'; Build Type 'Release'
OS: 'Windows 10 Home; OS build 19044.2604; Version 2009; 64bit' Language: 'en' Physical Memory: 32650 MB
BatchMode: 1, IsHumanControllingUs: 0, StartBugReporterOnCrash: 0, Is64bit: 1, IsPro: 0

 COMMAND LINE ARGUMENTS:
C:\Program Files\Unity Editors\2020.2.2f1\Editor\Unity.exe
-adb2
-batchMode
-noUpm
-name
AssetImportWorker0
-projectPath
D:/Repos/Gimbalscope/Gimbalscope/GimbalscopeControllerUnity/GimbalScopeController
-logFile
Logs/AssetImportWorker0.log
-srvPort
59976
Successfully changed project path to: D:/Repos/Gimbalscope/Gimbalscope/GimbalscopeControllerUnity/GimbalScopeController
D:/Repos/Gimbalscope/Gimbalscope/GimbalscopeControllerUnity/GimbalScopeController
Using Asset Import Pipeline V2.
Refreshing native plugins compatible for Editor in 30.70 ms, found 0 plugins.
Preloading 0 native plugins for Editor in 0.00 ms.
Initialize engine version: 2020.2.2f1 (068178b99f32)
[Subsystems] Discovering subsystems at path C:/Program Files/Unity Editors/2020.2.2f1/Editor/Data/Resources/UnitySubsystems
[Subsystems] Discovering subsystems at path D:/Repos/Gimbalscope/Gimbalscope/GimbalscopeControllerUnity/GimbalScopeController/Assets
GfxDevice: creating device client; threaded=0
Direct3D:
    Version:  Direct3D 11.0 [level 11.1]
    Renderer: NVIDIA GeForce GTX 1050 Ti (ID=0x1c8c)
    Vendor:   
    VRAM:     4019 MB
    Driver:   27.21.14.6172
Initialize mono
Mono path[0] = 'C:/Program Files/Unity Editors/2020.2.2f1/Editor/Data/Managed'
Mono path[1] = 'C:/Program Files/Unity Editors/2020.2.2f1/Editor/Data/MonoBleedingEdge/lib/mono/unityjit'
Mono config path = 'C:/Program Files/Unity Editors/2020.2.2f1/Editor/Data/MonoBleedingEdge/etc'
Using monoOptions --debugger-agent=transport=dt_socket,embedding=1,server=y,suspend=n,address=127.0.0.1:56576
Begin MonoManager ReloadAssembly
Registering precompiled unity dll's ...
Register platform support module: C:/Program Files/Unity Editors/2020.2.2f1/Editor/Data/PlaybackEngines/WebGLSupport/UnityEditor.WebGL.Extensions.dll
Register platform support module: C:/Program Files/Unity Editors/2020.2.2f1/Editor/Data/PlaybackEngines/WindowsStandaloneSupport/UnityEditor.WindowsStandalone.Extensions.dll
Register platform support module: C:/Program Files/Unity Editors/2020.2.2f1/Editor/Data/PlaybackEngines/LinuxStandaloneSupport/UnityEditor.LinuxStandalone.Extensions.dll
Registered in 0.004204 seconds.
Native extension for LinuxStandalone target not found
Native extension for WindowsStandalone target not found
Native extension for WebGL target not found
Refreshing native plugins compatible for Editor in 35.61 ms, found 0 plugins.
Preloading 0 native plugins for Editor in 0.00 ms.
Invoked RoslynAnalysisRunner static constructor.
RoslynAnalysisRunner will not be running.
RoslynAnalysisRunner has terminated.
Mono: successfully reloaded assembly
- Completed reload, in  2.226 seconds
Platform modules already initialized, skipping
Registering precompiled user dll's ...
Registered in 0.000894 seconds.
Begin MonoManager ReloadAssembly
Native extension for LinuxStandalone target not found
Native extension for WindowsStandalone target not found
Native extension for WebGL target not found
Refreshing native plugins compatible for Editor in 0.42 ms, found 0 plugins.
Preloading 0 native plugins for Editor in 0.00 ms.
Invoked RoslynAnalysisRunner static constructor.
RoslynAnalysisRunner will not be running.
RoslynAnalysisRunner has terminated.
Mono: successfully reloaded assembly
- Completed reload, in  1.287 seconds
Platform modules already initialized, skipping
========================================================================
Worker process is ready to serve import requests
Launched and connected shader compiler UnityShaderCompiler.exe after 0.12 seconds
Refreshing native plugins compatible for Editor in 0.22 ms, found 0 plugins.
Preloading 0 native plugins for Editor in 0.00 ms.
Unloading 1112 Unused Serialized files (Serialized files now loaded: 0)
System memory in use before: 57.4 MB.
System memory in use after: 57.4 MB.

Unloading 10 unused Assets to reduce memory usage. Loaded Objects now: 1554.
Total: 2.251000 ms (FindLiveObjects: 0.166100 ms CreateObjectMapping: 0.046700 ms MarkObjects: 1.890700 ms  DeleteObjects: 0.145600 ms)

========================================================================
Received Import Request.
  path: Assets/SerialCommunicator.cs
  artifactKey: Guid(ff24a7d4c733e5c49bdbdfc189b1f34e) Importer(815301076,1909f56bfc062723c751e8b465ee728b)
Start importing Assets/SerialCommunicator.cs using Guid(ff24a7d4c733e5c49bdbdfc189b1f34e) Importer(815301076,1909f56bfc062723c751e8b465ee728b)  -> (artifact id: '55d237d7b8ef407cc441cc468e22cdc0') in 0.096096 seconds
  Import took 0.099616 seconds .

========================================================================
Received Import Request.
  Time since last request: 629.127663 seconds.
  path: Assets/SerialCommunicator.cs
  artifactKey: Guid(ff24a7d4c733e5c49bdbdfc189b1f34e) Importer(815301076,1909f56bfc062723c751e8b465ee728b)
Start importing Assets/SerialCommunicator.cs using Guid(ff24a7d4c733e5c49bdbdfc189b1f34e) Importer(815301076,1909f56bfc062723c751e8b465ee728b)  -> (artifact id: 'c65f16a8059e3062c3b53501fac38afb') in 0.016101 seconds
  Import took 0.022047 seconds .

========================================================================
Received Import Request.
  Time since last request: 94.829412 seconds.
  path: Assets/SerialCommunicator.cs
  artifactKey: Guid(ff24a7d4c733e5c49bdbdfc189b1f34e) Importer(815301076,1909f56bfc062723c751e8b465ee728b)
Start importing Assets/SerialCommunicator.cs using Guid(ff24a7d4c733e5c49bdbdfc189b1f34e) Importer(815301076,1909f56bfc062723c751e8b465ee728b)  -> (artifact id: '369e5443fcd37dc3c7acafb4e5881193') in 0.003519 seconds
  Import took 0.007109 seconds .

========================================================================
Received Import Request.
  Time since last request: 10.057064 seconds.
  path: Assets/SerialCommunicator.cs
  artifactKey: Guid(ff24a7d4c733e5c49bdbdfc189b1f34e) Importer(815301076,1909f56bfc062723c751e8b465ee728b)
Start importing Assets/SerialCommunicator.cs using Guid(ff24a7d4c733e5c49bdbdfc189b1f34e) Importer(815301076,1909f56bfc062723c751e8b465ee728b)  -> (artifact id: '044608c186dcadb381a9e07438db7de6') in 0.002526 seconds
  Import took 0.005026 seconds .

========================================================================
Received Import Request.
  Time since last request: 5.568866 seconds.
  path: Assets/SerialCommunicator.cs
  artifactKey: Guid(ff24a7d4c733e5c49bdbdfc189b1f34e) Importer(815301076,1909f56bfc062723c751e8b465ee728b)
Start importing Assets/SerialCommunicator.cs using Guid(ff24a7d4c733e5c49bdbdfc189b1f34e) Importer(815301076,1909f56bfc062723c751e8b465ee728b)  -> (artifact id: '3a50c4720ab4486eeb76ee7d9fe298e5') in 0.002430 seconds
  Import took 0.005243 seconds .

========================================================================
Received Import Request.
  Time since last request: 10.841085 seconds.
  path: Assets/SerialCommunicator.cs
  artifactKey: Guid(ff24a7d4c733e5c49bdbdfc189b1f34e) Importer(815301076,1909f56bfc062723c751e8b465ee728b)
Start importing Assets/SerialCommunicator.cs using Guid(ff24a7d4c733e5c49bdbdfc189b1f34e) Importer(815301076,1909f56bfc062723c751e8b465ee728b)  -> (artifact id: '1bb32f81191ce57323a5a69f1659f8e6') in 0.002327 seconds
  Import took 0.004778 seconds .

========================================================================
Received Import Request.
  Time since last request: 39.291504 seconds.
  path: Assets/SerialCommunicator.cs
  artifactKey: Guid(ff24a7d4c733e5c49bdbdfc189b1f34e) Importer(815301076,1909f56bfc062723c751e8b465ee728b)
Start importing Assets/SerialCommunicator.cs using Guid(ff24a7d4c733e5c49bdbdfc189b1f34e) Importer(815301076,1909f56bfc062723c751e8b465ee728b)  -> (artifact id: '711701f81bb5b334a36a4ed64d28be15') in 0.002901 seconds
  Import took 0.006624 seconds .

========================================================================
Received Prepare
Registering precompiled user dll's ...
Registered in 0.000658 seconds.
Begin MonoManager ReloadAssembly
Native extension for LinuxStandalone target not found
Native extension for WindowsStandalone target not found
Native extension for WebGL target not found
Refreshing native plugins compatible for Editor in 0.21 ms, found 0 plugins.
Preloading 0 native plugins for Editor in 0.00 ms.
Invoked RoslynAnalysisRunner static constructor.
RoslynAnalysisRunner will not be running.
RoslynAnalysisRunner has terminated.
Mono: successfully reloaded assembly
- Completed reload, in  0.987 seconds
Platform modules already initialized, skipping
Refreshing native plugins compatible for Editor in 0.22 ms, found 0 plugins.
Preloading 0 native plugins for Editor in 0.00 ms.
Unloading 1107 Unused Serialized files (Serialized files now loaded: 0)
System memory in use before: 57.5 MB.
System memory in use after: 57.5 MB.

Unloading 5 unused Assets to reduce memory usage. Loaded Objects now: 1556.
Total: 3.020300 ms (FindLiveObjects: 0.619400 ms CreateObjectMapping: 0.231400 ms MarkObjects: 2.035100 ms  DeleteObjects: 0.133200 ms)

========================================================================
Received Prepare
Registering precompiled user dll's ...
Registered in 0.000745 seconds.
Begin MonoManager ReloadAssembly
Native extension for LinuxStandalone target not found
Native extension for WindowsStandalone target not found
Native extension for WebGL target not found
Refreshing native plugins compatible for Editor in 0.25 ms, found 0 plugins.
Preloading 0 native plugins for Editor in 0.00 ms.
Invoked RoslynAnalysisRunner static constructor.
RoslynAnalysisRunner will not be running.
RoslynAnalysisRunner has terminated.
Mono: successfully reloaded assembly
- Completed reload, in  1.008 seconds
Platform modules already initialized, skipping
Refreshing native plugins compatible for Editor in 0.23 ms, found 0 plugins.
Preloading 0 native plugins for Editor in 0.00 ms.
Unloading 1107 Unused Serialized files (Serialized files now loaded: 0)
System memory in use before: 57.6 MB.
System memory in use after: 57.7 MB.

Unloading 5 unused Assets to reduce memory usage. Loaded Objects now: 1558.
Total: 2.221100 ms (FindLiveObjects: 0.195000 ms CreateObjectMapping: 0.033500 ms MarkObjects: 1.872600 ms  DeleteObjects: 0.118300 ms)

========================================================================
Received Prepare
Registering precompiled user dll's ...
Registered in 0.001214 seconds.
Begin MonoManager ReloadAssembly
Native extension for LinuxStandalone target not found
Native extension for WindowsStandalone target not found
Native extension for WebGL target not found
Refreshing native plugins compatible for Editor in 0.42 ms, found 0 plugins.
Preloading 0 native plugins for Editor in 0.00 ms.
Invoked RoslynAnalysisRunner static constructor.
RoslynAnalysisRunner will not be running.
RoslynAnalysisRunner has terminated.
Mono: successfully reloaded assembly
- Completed reload, in  1.869 seconds
Platform modules already initialized, skipping
Refreshing native plugins compatible for Editor in 0.46 ms, found 0 plugins.
Preloading 0 native plugins for Editor in 0.00 ms.
Unloading 1107 Unused Serialized files (Serialized files now loaded: 0)
System memory in use before: 57.8 MB.
System memory in use after: 57.8 MB.

Unloading 5 unused Assets to reduce memory usage. Loaded Objects now: 1560.
Total: 3.802900 ms (FindLiveObjects: 0.224000 ms CreateObjectMapping: 0.085100 ms MarkObjects: 3.397300 ms  DeleteObjects: 0.094100 ms)

========================================================================
Received Prepare
Registering precompiled user dll's ...
Registered in 0.000762 seconds.
Begin MonoManager ReloadAssembly
Native extension for LinuxStandalone target not found
Native extension for WindowsStandalone target not found
Native extension for WebGL target not found
Refreshing native plugins compatible for Editor in 0.32 ms, found 0 plugins.
Preloading 0 native plugins for Editor in 0.00 ms.
Invoked RoslynAnalysisRunner static constructor.
RoslynAnalysisRunner will not be running.
RoslynAnalysisRunner has terminated.
Mono: successfully reloaded assembly
- Completed reload, in  2.006 seconds
Platform modules already initialized, skipping
Refreshing native plugins compatible for Editor in 0.29 ms, found 0 plugins.
Preloading 0 native plugins for Editor in 0.00 ms.
Unloading 1107 Unused Serialized files (Serialized files now loaded: 0)
System memory in use before: 57.9 MB.
System memory in use after: 58.0 MB.

Unloading 5 unused Assets to reduce memory usage. Loaded Objects now: 1562.
Total: 2.617700 ms (FindLiveObjects: 0.186200 ms CreateObjectMapping: 0.052000 ms MarkObjects: 2.253300 ms  DeleteObjects: 0.123400 ms)

========================================================================
Received Prepare
Registering precompiled user dll's ...
Registered in 0.000717 seconds.
Begin MonoManager ReloadAssembly
Native extension for LinuxStandalone target not found
Native extension for WindowsStandalone target not found
Native extension for WebGL target not found
Refreshing native plugins compatible for Editor in 0.21 ms, found 0 plugins.
Preloading 0 native plugins for Editor in 0.00 ms.
Invoked RoslynAnalysisRunner static constructor.
RoslynAnalysisRunner will not be running.
RoslynAnalysisRunner has terminated.
Mono: successfully reloaded assembly
- Completed reload, in  0.920 seconds
Platform modules already initialized, skipping
Refreshing native plugins compatible for Editor in 0.36 ms, found 0 plugins.
Preloading 0 native plugins for Editor in 0.00 ms.
Unloading 1107 Unused Serialized files (Serialized files now loaded: 0)
System memory in use before: 58.0 MB.
System memory in use after: 58.1 MB.

Unloading 5 unused Assets to reduce memory usage. Loaded Objects now: 1564.
Total: 2.150800 ms (FindLiveObjects: 0.137900 ms CreateObjectMapping: 0.089800 ms MarkObjects: 1.818300 ms  DeleteObjects: 0.103500 ms)

========================================================================
Received Prepare
Registering precompiled user dll's ...
Registered in 0.001066 seconds.
Begin MonoManager ReloadAssembly
Native extension for LinuxStandalone target not found
Native extension for WindowsStandalone target not found
Native extension for WebGL target not found
Refreshing native plugins compatible for Editor in 0.20 ms, found 0 plugins.
Preloading 0 native plugins for Editor in 0.00 ms.
Invoked RoslynAnalysisRunner static constructor.
RoslynAnalysisRunner will not be running.
RoslynAnalysisRunner has terminated.
Mono: successfully reloaded assembly
- Completed reload, in  0.960 seconds
Platform modules already initialized, skipping
Refreshing native plugins compatible for Editor in 0.20 ms, found 0 plugins.
Preloading 0 native plugins for Editor in 0.00 ms.
Unloading 1107 Unused Serialized files (Serialized files now loaded: 0)
System memory in use before: 58.2 MB.
System memory in use after: 58.2 MB.

Unloading 5 unused Assets to reduce memory usage. Loaded Objects now: 1566.
Total: 2.111800 ms (FindLiveObjects: 0.346600 ms CreateObjectMapping: 0.089000 ms MarkObjects: 1.613700 ms  DeleteObjects: 0.060700 ms)

========================================================================
Received Prepare
Registering precompiled user dll's ...
Registered in 0.000807 seconds.
Begin MonoManager ReloadAssembly
Native extension for LinuxStandalone target not found
Native extension for WindowsStandalone target not found
Native extension for WebGL target not found
Refreshing native plugins compatible for Editor in 0.26 ms, found 0 plugins.
Preloading 0 native plugins for Editor in 0.00 ms.
Invoked RoslynAnalysisRunner static constructor.
RoslynAnalysisRunner will not be running.
RoslynAnalysisRunner has terminated.
Mono: successfully reloaded assembly
- Completed reload, in  1.182 seconds
Platform modules already initialized, skipping
Refreshing native plugins compatible for Editor in 0.34 ms, found 0 plugins.
Preloading 0 native plugins for Editor in 0.00 ms.
Unloading 1107 Unused Serialized files (Serialized files now loaded: 0)
System memory in use before: 58.2 MB.
System memory in use after: 58.3 MB.

Unloading 5 unused Assets to reduce memory usage. Loaded Objects now: 1568.
Total: 2.157400 ms (FindLiveObjects: 0.160800 ms CreateObjectMapping: 0.069400 ms MarkObjects: 1.861000 ms  DeleteObjects: 0.064900 ms)

